c:\users\youn7\computer science\cpp_server\gameserver\servercore\x64\debug\servercore.pch
c:\users\youn7\computer science\cpp_server\gameserver\servercore\x64\debug\servercore.pdb
c:\users\youn7\computer science\cpp_server\gameserver\servercore\x64\debug\servercore.idb
c:\users\youn7\computer science\cpp_server\gameserver\servercore\x64\debug\pch.obj
c:\users\youn7\computer science\cpp_server\gameserver\servercore\x64\debug\corepch.obj
c:\users\youn7\computer science\cpp_server\lock-based queue\servercore\x64\debug\servercore.pch
c:\users\youn7\computer science\cpp_server\lock-based queue\servercore\x64\debug\servercore.pdb
c:\users\youn7\computer science\cpp_server\lock-based queue\servercore\x64\debug\servercore.idb
c:\users\youn7\computer science\cpp_server\lock-based queue\servercore\x64\debug\pch.obj
c:\users\youn7\computer science\cpp_server\lock-based queue\libraries\debug\servercore.pdb
c:\users\youn7\computer science\cpp_server\lock-based queue\libraries\debug\servercore.idb
c:\users\youn7\computer science\cpp_server\lock-based queue\servercore\x64\debug\corepch.obj
c:\users\youn7\computer science\cpp_server\lock-free stack #2\servercore\x64\debug\servercore.pch
c:\users\youn7\computer science\cpp_server\lock-free stack #2\libraries\debug\servercore.pdb
c:\users\youn7\computer science\cpp_server\lock-free stack #2\libraries\debug\servercore.idb
c:\users\youn7\computer science\cpp_server\lock-free stack #2\servercore\x64\debug\pch.obj
c:\users\youn7\computer science\cpp_server\lock-free stack #2\servercore\x64\debug\corepch.obj
c:\users\youn7\computer science\cpp_server\lock-free stack #3\servercore\x64\debug\servercore.pch
c:\users\youn7\computer science\cpp_server\lock-free stack #3\libraries\debug\servercore.pdb
c:\users\youn7\computer science\cpp_server\lock-free stack #3\libraries\debug\servercore.idb
c:\users\youn7\computer science\cpp_server\lock-free stack #3\servercore\x64\debug\pch.obj
c:\users\youn7\computer science\cpp_server\lock-free stack #3\servercore\x64\debug\corepch.obj
c:\users\youn7\computer science\cpp_server\lock-free queue\servercore\x64\debug\servercore.pch
c:\users\youn7\computer science\cpp_server\lock-free queue\libraries\debug\servercore.pdb
c:\users\youn7\computer science\cpp_server\lock-free queue\libraries\debug\servercore.idb
c:\users\youn7\computer science\cpp_server\lock-free queue\servercore\x64\debug\pch.obj
c:\users\youn7\computer science\cpp_server\lock-free queue\servercore\x64\debug\corepch.obj
c:\users\youn7\computer science\cpp_server\thread manager\libraries\debug\servercore.pdb
c:\users\youn7\computer science\cpp_server\thread manager\libraries\debug\servercore.idb
c:\users\youn7\computer science\cpp_server\thread manager\servercore\x64\debug\coretls.obj
c:\users\youn7\computer science\cpp_server\thread manager\servercore\x64\debug\corepch.obj
c:\users\youn7\computer science\cpp_server\thread manager\servercore\x64\debug\servercore.pch
c:\users\youn7\computer science\cpp_server\thread manager\servercore\x64\debug\pch.obj
c:\users\youn7\computer science\cpp_server\thread manager\servercore\x64\debug\coreglobal.obj
c:\users\youn7\computer science\cpp_server\thread manager\servercore\x64\debug\threadmanager.obj
c:\users\youn7\computer science\cpp_server\dead_lock detect\servercore\x64\debug\servercore.pch
c:\users\youn7\computer science\cpp_server\dead_lock detect\libraries\debug\servercore.pdb
c:\users\youn7\computer science\cpp_server\dead_lock detect\libraries\debug\servercore.idb
c:\users\youn7\computer science\cpp_server\dead_lock detect\servercore\x64\debug\pch.obj
c:\users\youn7\computer science\cpp_server\dead_lock detect\servercore\x64\debug\threadmanager.obj
c:\users\youn7\computer science\cpp_server\dead_lock detect\servercore\x64\debug\lock.obj
c:\users\youn7\computer science\cpp_server\dead_lock detect\servercore\x64\debug\deadlockprofiler.obj
c:\users\youn7\computer science\cpp_server\dead_lock detect\servercore\x64\debug\coretls.obj
c:\users\youn7\computer science\cpp_server\dead_lock detect\servercore\x64\debug\corepch.obj
c:\users\youn7\computer science\cpp_server\dead_lock detect\servercore\x64\debug\coreglobal.obj
c:\users\youn7\computer science\cpp_server\multi_thread_practice\servercore\x64\debug\servercore.pch
c:\users\youn7\computer science\cpp_server\multi_thread_practice\libraries\debug\servercore.pdb
c:\users\youn7\computer science\cpp_server\multi_thread_practice\libraries\debug\servercore.idb
c:\users\youn7\computer science\cpp_server\multi_thread_practice\servercore\x64\debug\pch.obj
c:\users\youn7\computer science\cpp_server\multi_thread_practice\servercore\x64\debug\threadmanager.obj
c:\users\youn7\computer science\cpp_server\multi_thread_practice\servercore\x64\debug\lock.obj
c:\users\youn7\computer science\cpp_server\multi_thread_practice\servercore\x64\debug\deadlockprofiler.obj
c:\users\youn7\computer science\cpp_server\multi_thread_practice\servercore\x64\debug\coretls.obj
c:\users\youn7\computer science\cpp_server\multi_thread_practice\servercore\x64\debug\corepch.obj
c:\users\youn7\computer science\cpp_server\multi_thread_practice\servercore\x64\debug\coreglobal.obj
c:\users\youn7\computer science\cpp_server\multi_thread_practice #2\servercore\x64\debug\servercore.pch
c:\users\youn7\computer science\cpp_server\multi_thread_practice #2\libraries\debug\servercore.pdb
c:\users\youn7\computer science\cpp_server\multi_thread_practice #2\libraries\debug\servercore.idb
c:\users\youn7\computer science\cpp_server\multi_thread_practice #2\servercore\x64\debug\pch.obj
c:\users\youn7\computer science\cpp_server\multi_thread_practice #2\servercore\x64\debug\threadmanager.obj
c:\users\youn7\computer science\cpp_server\multi_thread_practice #2\servercore\x64\debug\lock.obj
c:\users\youn7\computer science\cpp_server\multi_thread_practice #2\servercore\x64\debug\deadlockprofiler.obj
c:\users\youn7\computer science\cpp_server\multi_thread_practice #2\servercore\x64\debug\coretls.obj
c:\users\youn7\computer science\cpp_server\multi_thread_practice #2\servercore\x64\debug\corepch.obj
c:\users\youn7\computer science\cpp_server\multi_thread_practice #2\servercore\x64\debug\coreglobal.obj
c:\users\youn7\computer science\cpp_server\reference counting\servercore\x64\debug\servercore.pch
c:\users\youn7\computer science\cpp_server\reference counting\libraries\debug\servercore.pdb
c:\users\youn7\computer science\cpp_server\reference counting\libraries\debug\servercore.idb
c:\users\youn7\computer science\cpp_server\reference counting\servercore\x64\debug\pch.obj
c:\users\youn7\computer science\cpp_server\reference counting\servercore\x64\debug\threadmanager.obj
c:\users\youn7\computer science\cpp_server\reference counting\servercore\x64\debug\refcounting.obj
c:\users\youn7\computer science\cpp_server\reference counting\servercore\x64\debug\lock.obj
c:\users\youn7\computer science\cpp_server\reference counting\servercore\x64\debug\deadlockprofiler.obj
c:\users\youn7\computer science\cpp_server\reference counting\servercore\x64\debug\coretls.obj
c:\users\youn7\computer science\cpp_server\reference counting\servercore\x64\debug\corepch.obj
c:\users\youn7\computer science\cpp_server\reference counting\servercore\x64\debug\coreglobal.obj
c:\users\youn7\computer science\cpp_server\smart pointer\servercore\x64\debug\servercore.pch
c:\users\youn7\computer science\cpp_server\smart pointer\libraries\debug\servercore.pdb
c:\users\youn7\computer science\cpp_server\smart pointer\libraries\debug\servercore.idb
c:\users\youn7\computer science\cpp_server\smart pointer\servercore\x64\debug\pch.obj
c:\users\youn7\computer science\cpp_server\smart pointer\servercore\x64\debug\threadmanager.obj
c:\users\youn7\computer science\cpp_server\smart pointer\servercore\x64\debug\refcounting.obj
c:\users\youn7\computer science\cpp_server\smart pointer\servercore\x64\debug\lock.obj
c:\users\youn7\computer science\cpp_server\smart pointer\servercore\x64\debug\deadlockprofiler.obj
c:\users\youn7\computer science\cpp_server\smart pointer\servercore\x64\debug\coretls.obj
c:\users\youn7\computer science\cpp_server\smart pointer\servercore\x64\debug\corepch.obj
c:\users\youn7\computer science\cpp_server\smart pointer\servercore\x64\debug\coreglobal.obj
c:\users\youn7\computer science\cpp_server\allocator\libraries\debug\servercore.pdb
c:\users\youn7\computer science\cpp_server\allocator\libraries\debug\servercore.idb
c:\users\youn7\computer science\cpp_server\allocator\servercore\x64\debug\threadmanager.obj
c:\users\youn7\computer science\cpp_server\allocator\servercore\x64\debug\refcounting.obj
c:\users\youn7\computer science\cpp_server\allocator\servercore\x64\debug\lock.obj
c:\users\youn7\computer science\cpp_server\allocator\servercore\x64\debug\deadlockprofiler.obj
c:\users\youn7\computer science\cpp_server\allocator\servercore\x64\debug\coretls.obj
c:\users\youn7\computer science\cpp_server\allocator\servercore\x64\debug\corepch.obj
c:\users\youn7\computer science\cpp_server\allocator\servercore\x64\debug\coreglobal.obj
c:\users\youn7\computer science\cpp_server\allocator\servercore\x64\debug\allocator.obj
c:\users\youn7\computer science\cpp_server\allocator\servercore\x64\debug\servercore.pch
c:\users\youn7\computer science\cpp_server\allocator\servercore\x64\debug\pch.obj
c:\users\youn7\computer science\cpp_server\allocator\servercore\x64\debug\memory.obj
c:\users\youn7\computer science\cpp_server\stomp allocator\servercore\x64\debug\servercore.pch
c:\users\youn7\computer science\cpp_server\stomp allocator\libraries\debug\servercore.pdb
c:\users\youn7\computer science\cpp_server\stomp allocator\libraries\debug\servercore.idb
c:\users\youn7\computer science\cpp_server\stomp allocator\servercore\x64\debug\pch.obj
c:\users\youn7\computer science\cpp_server\stomp allocator\servercore\x64\debug\threadmanager.obj
c:\users\youn7\computer science\cpp_server\stomp allocator\servercore\x64\debug\refcounting.obj
c:\users\youn7\computer science\cpp_server\stomp allocator\servercore\x64\debug\memory.obj
c:\users\youn7\computer science\cpp_server\stomp allocator\servercore\x64\debug\lock.obj
c:\users\youn7\computer science\cpp_server\stomp allocator\servercore\x64\debug\deadlockprofiler.obj
c:\users\youn7\computer science\cpp_server\stomp allocator\servercore\x64\debug\coretls.obj
c:\users\youn7\computer science\cpp_server\stomp allocator\servercore\x64\debug\corepch.obj
c:\users\youn7\computer science\cpp_server\stomp allocator\servercore\x64\debug\coreglobal.obj
c:\users\youn7\computer science\cpp_server\stomp allocator\servercore\x64\debug\allocator.obj
c:\users\youn7\computer science\cpp_server\stl allocator\servercore\x64\debug\servercore.pch
c:\users\youn7\computer science\cpp_server\stl allocator\libraries\debug\servercore.pdb
c:\users\youn7\computer science\cpp_server\stl allocator\libraries\debug\servercore.idb
c:\users\youn7\computer science\cpp_server\stl allocator\servercore\x64\debug\pch.obj
c:\users\youn7\computer science\cpp_server\stl allocator\servercore\x64\debug\threadmanager.obj
c:\users\youn7\computer science\cpp_server\stl allocator\servercore\x64\debug\refcounting.obj
c:\users\youn7\computer science\cpp_server\stl allocator\servercore\x64\debug\lock.obj
c:\users\youn7\computer science\cpp_server\stl allocator\servercore\x64\debug\deadlockprofiler.obj
c:\users\youn7\computer science\cpp_server\stl allocator\servercore\x64\debug\coretls.obj
c:\users\youn7\computer science\cpp_server\stl allocator\servercore\x64\debug\corepch.obj
c:\users\youn7\computer science\cpp_server\stl allocator\servercore\x64\debug\coreglobal.obj
c:\users\youn7\computer science\cpp_server\gameserver\libraries\debug\servercore.lib
c:\users\youn7\computer science\cpp_server\lock-based queue\libraries\debug\servercore.lib
c:\users\youn7\computer science\cpp_server\lock-free stack #2\libraries\debug\servercore.lib
c:\users\youn7\computer science\cpp_server\lock-free stack #3\libraries\debug\servercore.lib
c:\users\youn7\computer science\cpp_server\lock-free queue\libraries\debug\servercore.lib
c:\users\youn7\computer science\cpp_server\thread manager\libraries\debug\servercore.lib
c:\users\youn7\computer science\cpp_server\dead_lock detect\libraries\debug\servercore.lib
c:\users\youn7\computer science\cpp_server\multi_thread_practice\libraries\debug\servercore.lib
c:\users\youn7\computer science\cpp_server\multi_thread_practice #2\libraries\debug\servercore.lib
c:\users\youn7\computer science\cpp_server\reference counting\libraries\debug\servercore.lib
c:\users\youn7\computer science\cpp_server\smart pointer\libraries\debug\servercore.lib
c:\users\youn7\computer science\cpp_server\allocator\libraries\debug\servercore.lib
c:\users\youn7\computer science\cpp_server\stomp allocator\libraries\debug\servercore.lib
c:\users\youn7\computer science\cpp_server\stl allocator\libraries\debug\servercore.lib
c:\users\youn7\computer science\cpp_server\stl allocator\servercore\x64\debug\allocator.obj
c:\users\youn7\computer science\cpp_server\stl allocator\servercore\x64\debug\memory.obj
c:\users\youn7\computer science\cpp_server\stl allocator\servercore\x64\debug\servercore.idb
c:\users\youn7\computer science\cpp_server\stl allocator\servercore\x64\debug\servercore.pdb
c:\users\youn7\computer science\cpp_server\stl allocator\servercore\x64\debug\servercore.tlog\cl.command.1.tlog
c:\users\youn7\computer science\cpp_server\stl allocator\servercore\x64\debug\servercore.tlog\cl.read.1.tlog
c:\users\youn7\computer science\cpp_server\stl allocator\servercore\x64\debug\servercore.tlog\cl.write.1.tlog
c:\users\youn7\computer science\cpp_server\stl allocator\servercore\x64\debug\servercore.tlog\lib-link.read.1.tlog
c:\users\youn7\computer science\cpp_server\stl allocator\servercore\x64\debug\servercore.tlog\lib-link.write.1.tlog
c:\users\youn7\computer science\cpp_server\stl allocator\servercore\x64\debug\servercore.tlog\lib.command.1.tlog
